                            Memory Type Usage Summary                             
+--------------------------------------------------------------------------------+
| Memory Type/Section | Used [bytes] | Used [%] | Remain [bytes] | Total [bytes] |
|---------------------+--------------+----------+----------------+---------------|
| Flash Code          |       514594 |     6.13 |        7873982 |       8388576 |
|    .text            |       514594 |     6.13 |                |               |
| Flash Data          |       131632 |     0.39 |       33422768 |      33554400 |
|    .rodata          |       131376 |     0.39 |                |               |
|    .appdesc         |          256 |      0.0 |                |               |
| DIRAM               |       102508 |    29.99 |         239252 |        341760 |
|    .text            |        68983 |    20.18 |                |               |
|    .data            |        16748 |      4.9 |                |               |
|    .bss             |        16640 |     4.87 |                |               |
| IRAM                |        16383 |    99.99 |              1 |         16384 |
|    .text            |        15356 |    93.73 |                |               |
|    .vectors         |         1027 |     6.27 |                |               |
| RTC FAST            |          308 |     3.76 |           7884 |          8192 |
|    .force_fast      |           28 |     0.34 |                |               |
|    .rtc_reserved    |           24 |     0.29 |                |               |
+--------------------------------------------------------------------------------+
C:\Users\Justin\.espressif\python_env\idf5.4_py3.11_env\Scripts\python.exe C:\Sw\Espressif\frameworks\esp-idf-v5.4.1\components\partition_table\gen_esp32part.py D:\Documents\MyWorkspaces\EspressifDebug\Bluedroid_Beacon\build\partition_table\partition-table.bin
Total time taken to build the project: 12,104 ms