Building in: D:\Documents\MyWorkspaces\EspressifDebug\scan\build
Configuring in: D:\Documents\MyWorkspaces\EspressifDebug\scan\build
cmake -G Ninja -DCMAKE_TOOLCHAIN_FILE=C:\Sw\Espressif\frameworks\esp-idf-v5.4.1\tools\cmake\toolchain-esp32s3.cmake -DCMAKE_EXPORT_COMPILE_COMMANDS=ON -DCCACHE_ENABLE=1 -DIDF_TARGET=esp32s3 D:\Documents\MyWorkspaces\EspressifDebug\scan
-- ccache will be used for faster recompilation
-- Building ESP-IDF components for target esp32s3
-- Project sdkconfig file D:/Documents/MyWorkspaces/EspressifDebug/scan/sdkconfig
-- Compiler supported targets: xtensa-esp-elf
-- App "scan" version: r1-dirty
-- Adding linker script D:/Documents/MyWorkspaces/EspressifDebug/scan/build/esp-idf/esp_system/ld/memory.ld
-- Adding linker script D:/Documents/MyWorkspaces/EspressifDebug/scan/build/esp-idf/esp_system/ld/sections.ld.in
-- Adding linker script C:/Sw/Espressif/frameworks/esp-idf-v5.4.1/components/esp_rom/esp32s3/ld/esp32s3.rom.ld
-- Adding linker script C:/Sw/Espressif/frameworks/esp-idf-v5.4.1/components/esp_rom/esp32s3/ld/esp32s3.rom.api.ld
-- Adding linker script C:/Sw/Espressif/frameworks/esp-idf-v5.4.1/components/esp_rom/esp32s3/ld/esp32s3.rom.bt_funcs.ld
-- Adding linker script C:/Sw/Espressif/frameworks/esp-idf-v5.4.1/components/esp_rom/esp32s3/ld/esp32s3.rom.libgcc.ld
-- Adding linker script C:/Sw/Espressif/frameworks/esp-idf-v5.4.1/components/esp_rom/esp32s3/ld/esp32s3.rom.wdt.ld
-- Adding linker script C:/Sw/Espressif/frameworks/esp-idf-v5.4.1/components/esp_rom/esp32s3/ld/esp32s3.rom.version.ld
-- Adding linker script C:/Sw/Espressif/frameworks/esp-idf-v5.4.1/components/esp_rom/esp32s3/ld/esp32s3.rom.newlib.ld
-- Adding linker script C:/Sw/Espressif/frameworks/esp-idf-v5.4.1/components/soc/esp32s3/ld/esp32s3.peripherals.ld
-- Components: app_trace app_update bootloader bootloader_support bt cmock console cxx driver efuse esp-tls esp_adc esp_app_format esp_bootloader_format esp_coex esp_common esp_driver_ana_cmpr esp_driver_cam esp_driver_dac esp_driver_gpio esp_driver_gptimer esp_driver_i2c esp_driver_i2s esp_driver_isp esp_driver_jpeg esp_driver_ledc esp_driver_mcpwm esp_driver_parlio esp_driver_pcnt esp_driver_ppa esp_driver_rmt esp_driver_sdio esp_driver_sdm esp_driver_sdmmc esp_driver_sdspi esp_driver_spi esp_driver_touch_sens esp_driver_tsens esp_driver_uart esp_driver_usb_serial_jtag esp_eth esp_event esp_gdbstub esp_hid esp_http_client esp_http_server esp_https_ota esp_https_server esp_hw_support esp_lcd esp_local_ctrl esp_mm esp_netif esp_netif_stack esp_partition esp_phy esp_pm esp_psram esp_ringbuf esp_rom esp_security esp_system esp_timer esp_vfs_console esp_wifi espcoredump esptool_py fatfs freertos hal heap http_parser idf_test ieee802154 json log lwip main mbedtls mqtt newlib nvs_flash nvs_sec_provider openthread partition_table perfmon protobuf-c protocomm pthread rt sdmmc soc spi_flash spiffs tcp_transport touch_element ulp unity usb vfs wear_levelling wifi_provisioning wpa_supplicant xtensa
-- Component paths: C:/Sw/Espressif/frameworks/esp-idf-v5.4.1/components/app_trace C:/Sw/Espressif/frameworks/esp-idf-v5.4.1/components/app_update C:/Sw/Espressif/frameworks/esp-idf-v5.4.1/components/bootloader C:/Sw/Espressif/frameworks/esp-idf-v5.4.1/components/bootloader_support C:/Sw/Espressif/frameworks/esp-idf-v5.4.1/components/bt C:/Sw/Espressif/frameworks/esp-idf-v5.4.1/components/cmock C:/Sw/Espressif/frameworks/esp-idf-v5.4.1/components/console C:/Sw/Espressif/frameworks/esp-idf-v5.4.1/components/cxx C:/Sw/Espressif/frameworks/esp-idf-v5.4.1/components/driver C:/Sw/Espressif/frameworks/esp-idf-v5.4.1/components/efuse C:/Sw/Espressif/frameworks/esp-idf-v5.4.1/components/esp-tls C:/Sw/Espressif/frameworks/esp-idf-v5.4.1/components/esp_adc C:/Sw/Espressif/frameworks/esp-idf-v5.4.1/components/esp_app_format C:/Sw/Espressif/frameworks/esp-idf-v5.4.1/components/esp_bootloader_format C:/Sw/Espressif/frameworks/esp-idf-v5.4.1/components/esp_coex C:/Sw/Espressif/frameworks/esp-idf-v5.4.1/components/esp_common C:/Sw/Espressif/frameworks/esp-idf-v5.4.1/components/esp_driver_ana_cmpr C:/Sw/Espressif/frameworks/esp-idf-v5.4.1/components/esp_driver_cam C:/Sw/Espressif/frameworks/esp-idf-v5.4.1/components/esp_driver_dac C:/Sw/Espressif/frameworks/esp-idf-v5.4.1/components/esp_driver_gpio C:/Sw/Espressif/frameworks/esp-idf-v5.4.1/components/esp_driver_gptimer C:/Sw/Espressif/frameworks/esp-idf-v5.4.1/components/esp_driver_i2c C:/Sw/Espressif/frameworks/esp-idf-v5.4.1/components/esp_driver_i2s C:/Sw/Espressif/frameworks/esp-idf-v5.4.1/components/esp_driver_isp C:/Sw/Espressif/frameworks/esp-idf-v5.4.1/components/esp_driver_jpeg C:/Sw/Espressif/frameworks/esp-idf-v5.4.1/components/esp_driver_ledc C:/Sw/Espressif/frameworks/esp-idf-v5.4.1/components/esp_driver_mcpwm C:/Sw/Espressif/frameworks/esp-idf-v5.4.1/components/esp_driver_parlio C:/Sw/Espressif/frameworks/esp-idf-v5.4.1/components/esp_driver_pcnt C:/Sw/Espressif/frameworks/esp-idf-v5.4.1/components/esp_driver_ppa C:/Sw/Espressif/frameworks/esp-idf-v5.4.1/components/esp_driver_rmt C:/Sw/Espressif/frameworks/esp-idf-v5.4.1/components/esp_driver_sdio C:/Sw/Espressif/frameworks/esp-idf-v5.4.1/components/esp_driver_sdm C:/Sw/Espressif/frameworks/esp-idf-v5.4.1/components/esp_driver_sdmmc C:/Sw/Espressif/frameworks/esp-idf-v5.4.1/components/esp_driver_sdspi C:/Sw/Espressif/frameworks/esp-idf-v5.4.1/components/esp_driver_spi C:/Sw/Espressif/frameworks/esp-idf-v5.4.1/components/esp_driver_touch_sens C:/Sw/Espressif/frameworks/esp-idf-v5.4.1/components/esp_driver_tsens C:/Sw/Espressif/frameworks/esp-idf-v5.4.1/components/esp_driver_uart C:/Sw/Espressif/frameworks/esp-idf-v5.4.1/components/esp_driver_usb_serial_jtag C:/Sw/Espressif/frameworks/esp-idf-v5.4.1/components/esp_eth C:/Sw/Espressif/frameworks/esp-idf-v5.4.1/components/esp_event C:/Sw/Espressif/frameworks/esp-idf-v5.4.1/components/esp_gdbstub C:/Sw/Espressif/frameworks/esp-idf-v5.4.1/components/esp_hid C:/Sw/Espressif/frameworks/esp-idf-v5.4.1/components/esp_http_client C:/Sw/Espressif/frameworks/esp-idf-v5.4.1/components/esp_http_server C:/Sw/Espressif/frameworks/esp-idf-v5.4.1/components/esp_https_ota C:/Sw/Espressif/frameworks/esp-idf-v5.4.1/components/esp_https_server C:/Sw/Espressif/frameworks/esp-idf-v5.4.1/components/esp_hw_support C:/Sw/Espressif/frameworks/esp-idf-v5.4.1/components/esp_lcd C:/Sw/Espressif/frameworks/esp-idf-v5.4.1/components/esp_local_ctrl C:/Sw/Espressif/frameworks/esp-idf-v5.4.1/components/esp_mm C:/Sw/Espressif/frameworks/esp-idf-v5.4.1/components/esp_netif C:/Sw/Espressif/frameworks/esp-idf-v5.4.1/components/esp_netif_stack C:/Sw/Espressif/frameworks/esp-idf-v5.4.1/components/esp_partition C:/Sw/Espressif/frameworks/esp-idf-v5.4.1/components/esp_phy C:/Sw/Espressif/frameworks/esp-idf-v5.4.1/components/esp_pm C:/Sw/Espressif/frameworks/esp-idf-v5.4.1/components/esp_psram C:/Sw/Espressif/frameworks/esp-idf-v5.4.1/components/esp_ringbuf C:/Sw/Espressif/frameworks/esp-idf-v5.4.1/components/esp_rom C:/Sw/Espressif/frameworks/esp-idf-v5.4.1/components/esp_security C:/Sw/Espressif/frameworks/esp-idf-v5.4.1/components/esp_system C:/Sw/Espressif/frameworks/esp-idf-v5.4.1/components/esp_timer C:/Sw/Espressif/frameworks/esp-idf-v5.4.1/components/esp_vfs_console C:/Sw/Espressif/frameworks/esp-idf-v5.4.1/components/esp_wifi C:/Sw/Espressif/frameworks/esp-idf-v5.4.1/components/espcoredump C:/Sw/Espressif/frameworks/esp-idf-v5.4.1/components/esptool_py C:/Sw/Espressif/frameworks/esp-idf-v5.4.1/components/fatfs C:/Sw/Espressif/frameworks/esp-idf-v5.4.1/components/freertos C:/Sw/Espressif/frameworks/esp-idf-v5.4.1/components/hal C:/Sw/Espressif/frameworks/esp-idf-v5.4.1/components/heap C:/Sw/Espressif/frameworks/esp-idf-v5.4.1/components/http_parser C:/Sw/Espressif/frameworks/esp-idf-v5.4.1/components/idf_test C:/Sw/Espressif/frameworks/esp-idf-v5.4.1/components/ieee802154 C:/Sw/Espressif/frameworks/esp-idf-v5.4.1/components/json C:/Sw/Espressif/frameworks/esp-idf-v5.4.1/components/log C:/Sw/Espressif/frameworks/esp-idf-v5.4.1/components/lwip D:/Documents/MyWorkspaces/EspressifDebug/scan/main C:/Sw/Espressif/frameworks/esp-idf-v5.4.1/components/mbedtls C:/Sw/Espressif/frameworks/esp-idf-v5.4.1/components/mqtt C:/Sw/Espressif/frameworks/esp-idf-v5.4.1/components/newlib C:/Sw/Espressif/frameworks/esp-idf-v5.4.1/components/nvs_flash C:/Sw/Espressif/frameworks/esp-idf-v5.4.1/components/nvs_sec_provider C:/Sw/Espressif/frameworks/esp-idf-v5.4.1/components/openthread C:/Sw/Espressif/frameworks/esp-idf-v5.4.1/components/partition_table C:/Sw/Espressif/frameworks/esp-idf-v5.4.1/components/perfmon C:/Sw/Espressif/frameworks/esp-idf-v5.4.1/components/protobuf-c C:/Sw/Espressif/frameworks/esp-idf-v5.4.1/components/protocomm C:/Sw/Espressif/frameworks/esp-idf-v5.4.1/components/pthread C:/Sw/Espressif/frameworks/esp-idf-v5.4.1/components/rt C:/Sw/Espressif/frameworks/esp-idf-v5.4.1/components/sdmmc C:/Sw/Espressif/frameworks/esp-idf-v5.4.1/components/soc C:/Sw/Espressif/frameworks/esp-idf-v5.4.1/components/spi_flash C:/Sw/Espressif/frameworks/esp-idf-v5.4.1/components/spiffs C:/Sw/Espressif/frameworks/esp-idf-v5.4.1/components/tcp_transport C:/Sw/Espressif/frameworks/esp-idf-v5.4.1/components/touch_element C:/Sw/Espressif/frameworks/esp-idf-v5.4.1/components/ulp C:/Sw/Espressif/frameworks/esp-idf-v5.4.1/components/unity C:/Sw/Espressif/frameworks/esp-idf-v5.4.1/components/usb C:/Sw/Espressif/frameworks/esp-idf-v5.4.1/components/vfs C:/Sw/Espressif/frameworks/esp-idf-v5.4.1/components/wear_levelling C:/Sw/Espressif/frameworks/esp-idf-v5.4.1/components/wifi_provisioning C:/Sw/Espressif/frameworks/esp-idf-v5.4.1/components/wpa_supplicant C:/Sw/Espressif/frameworks/esp-idf-v5.4.1/components/xtensa
-- Configuring done (6.5s)
-- Generating done (2.3s)
-- Build files have been written to: D:/Documents/MyWorkspaces/EspressifDebug/scan/build
cmake --build . -- -v
[1/4] C:\windows\system32\cmd.exe /C "cd /D D:\Documents\MyWorkspaces\EspressifDebug\scan\build\esp-idf\esptool_py && C:\Users\Justin\.espressif\python_env\idf5.4_py3.11_env\Scripts\python.exe C:/Sw/Espressif/frameworks/esp-idf-v5.4.1/components/partition_table/check_sizes.py --offset 0x8000 partition --type app D:/Documents/MyWorkspaces/EspressifDebug/scan/build/partition_table/partition-table.bin D:/Documents/MyWorkspaces/EspressifDebug/scan/build/scan.bin"
scan.bin binary size 0xb6110 bytes. Smallest app partition is 0x100000 bytes. 0x49ef0 bytes (29%) free.

[2/4] C:\windows\system32\cmd.exe /C "cd /D D:\Documents\MyWorkspaces\EspressifDebug\scan\build\bootloader && C:\Users\Justin\.espressif\tools\cmake\3.30.2\bin\cmake.exe --build ."
[1/1] C:\windows\system32\cmd.exe /C "cd /D D:\Documents\MyWorkspaces\EspressifDebug\scan\build\bootloader\esp-idf\esptool_py && C:\Users\Justin\.espressif\python_env\idf5.4_py3.11_env\Scripts\python.exe C:/Sw/Espressif/frameworks/esp-idf-v5.4.1/components/partition_table/check_sizes.py --offset 0x8000 bootloader 0x0 D:/Documents/MyWorkspaces/EspressifDebug/scan/build/bootloader/bootloader.bin"

Bootloader binary size 0x5220 bytes. 0x2de0 bytes (36%) free.


[3/4] C:\windows\system32\cmd.exe /C "cd /D D:\Documents\MyWorkspaces\EspressifDebug\scan\build\bootloader && C:\Users\Justin\.espressif\tools\cmake\3.30.2\bin\cmake.exe -E echo_append"
[4/4] C:\windows\system32\cmd.exe /C "cd /D D:\Documents\MyWorkspaces\EspressifDebug\scan\build && C:\Users\Justin\.espressif\tools\cmake\3.30.2\bin\cmake.exe -E make_directory D:/Documents/MyWorkspaces/EspressifDebug/scan/build/CMakeFiles && C:\Users\Justin\.espressif\tools\cmake\3.30.2\bin\cmake.exe -E touch D:/Documents/MyWorkspaces/EspressifDebug/scan/build/CMakeFiles/bootloader-complete && C:\Users\Justin\.espressif\tools\cmake\3.30.2\bin\cmake.exe -E touch D:/Documents/MyWorkspaces/EspressifDebug/scan/build/bootloader-prefix/src/bootloader-stamp/bootloader-done"
Build complete (0 errors, 0 warnings): D:\Documents\MyWorkspaces\EspressifDebug\scan\build
C:\Users\Justin\.espressif\python_env\idf5.4_py3.11_env\Scripts\python.exe C:\Sw\Espressif\frameworks\esp-idf-v5.4.1\tools\idf_size.py D:/Documents/MyWorkspaces/EspressifDebug/scan/build/scan.map
                            Memory Type Usage Summary                             
+--------------------------------------------------------------------------------+
| Memory Type/Section | Used [bytes] | Used [%] | Remain [bytes] | Total [bytes] |
|---------------------+--------------+----------+----------------+---------------|
| Flash Code          |       532338 |     6.35 |        7856238 |       8388576 |
|    .text            |       532338 |     6.35 |                |               |
| DIRAM               |       107084 |    31.33 |         234676 |        341760 |
|    .text            |        72647 |    21.26 |                |               |
|    .data            |        18916 |     5.53 |                |               |
|    .bss             |        15464 |     4.52 |                |               |
| Flash Data          |       105308 |     0.31 |       33449092 |      33554400 |
|    .rodata          |       105052 |     0.31 |                |               |
|    .appdesc         |          256 |      0.0 |                |               |
| IRAM                |        16383 |    99.99 |              1 |         16384 |
|    .text            |        15356 |    93.73 |                |               |
|    .vectors         |         1027 |     6.27 |                |               |
| RTC FAST            |          308 |     3.76 |           7884 |          8192 |
|    .force_fast      |           28 |     0.34 |                |               |
|    .rtc_reserved    |           24 |     0.29 |                |               |
+--------------------------------------------------------------------------------+
C:\Users\Justin\.espressif\python_env\idf5.4_py3.11_env\Scripts\python.exe C:\Sw\Espressif\frameworks\esp-idf-v5.4.1\components\partition_table\gen_esp32part.py D:\Documents\MyWorkspaces\EspressifDebug\scan\build\partition_table\partition-table.bin
Total time taken to build the project: 9,424 ms