                            Memory Type Usage Summary                             
+--------------------------------------------------------------------------------+
| Memory Type/Section | Used [bytes] | Used [%] | Remain [bytes] | Total [bytes] |
|---------------------+--------------+----------+----------------+---------------|
| Flash Code          |        96566 |     1.15 |        8292010 |       8388576 |
|    .text            |        96566 |     1.15 |                |               |
| DIRAM               |        54936 |    16.07 |         286824 |        341760 |
|    .text            |        41747 |    12.22 |                |               |
|    .data            |        10712 |     3.13 |                |               |
|    .bss             |         2240 |     0.66 |                |               |
| Flash Data          |        41864 |     0.12 |       33512536 |      33554400 |
|    .rodata          |        41608 |     0.12 |                |               |
|    .appdesc         |          256 |      0.0 |                |               |
| IRAM                |        16383 |    99.99 |              1 |         16384 |
|    .text            |        15356 |    93.73 |                |               |
|    .vectors         |         1027 |     6.27 |                |               |
| RTC FAST            |          308 |     3.76 |           7884 |          8192 |
|    .force_fast      |           28 |     0.34 |                |               |
|    .rtc_reserved    |           24 |     0.29 |                |               |
+--------------------------------------------------------------------------------+
C:\Users\Justin\.espressif\python_env\idf5.4_py3.11_env\Scripts\python.exe C:\Sw\Espressif\frameworks\esp-idf-v5.4.1\components\partition_table\gen_esp32part.py D:\Documents\MyWorkspaces\EspressifDebug\hello_world\build\partition_table\partition-table.bin
Total time taken to build the project: 9,591 ms