                            Memory Type Usage Summary                             
+--------------------------------------------------------------------------------+
| Memory Type/Section | Used [bytes] | Used [%] | Remain [bytes] | Total [bytes] |
|---------------------+--------------+----------+----------------+---------------|
| Flash Code          |       109522 |     1.31 |        8279054 |       8388576 |
|    .text            |       109522 |     1.31 |                |               |
| DIRAM               |        55880 |    16.35 |         285880 |        341760 |
|    .text            |        42603 |    12.47 |                |               |
|    .data            |        10744 |     3.14 |                |               |
|    .bss             |         2384 |      0.7 |                |               |
| Flash Data          |        42400 |     0.13 |       33512000 |      33554400 |
|    .rodata          |        42144 |     0.13 |                |               |
|    .appdesc         |          256 |      0.0 |                |               |
| IRAM                |        16383 |    99.99 |              1 |         16384 |
|    .text            |        15356 |    93.73 |                |               |
|    .vectors         |         1027 |     6.27 |                |               |
| RTC FAST            |          308 |     3.76 |           7884 |          8192 |
|    .force_fast      |           28 |     0.34 |                |               |
|    .rtc_reserved    |           24 |     0.29 |                |               |
+--------------------------------------------------------------------------------+
C:\Users\Justin\.espressif\python_env\idf5.4_py3.11_env\Scripts\python.exe C:\Sw\Espressif\frameworks\esp-idf-v5.4.1\components\partition_table\gen_esp32part.py D:\Documents\MyWorkspaces\EspressifDebug\real_time_stats\build\partition_table\partition-table.bin
Total time taken to build the project: 9,351 ms